Arguments: 
  /Users/davydzakorchennyi/.nvm/versions/node/v16.13.2/bin/node /Users/davydzakorchennyi/.nvm/versions/node/v16.13.2/bin/yarn add react react-dom

PATH: 
  /opt/homebrew/bin:/opt/homebrew/sbin:/Users/davydzakorchennyi/.nvm/versions/node/v16.13.2/bin:/usr/local/bin:/usr/bin:/bin:/usr/sbin:/sbin:/opt/homebrew/bin:/opt/homebrew/sbin:/Users/davydzakorchennyi/.nvm/versions/node/v16.13.2/bin

Yarn version: 
  1.22.19

Node version: 
  16.13.2

Platform: 
  darwin x64

Trace: 
  Error: unable to verify the first certificate
      at TLSSocket.onConnectSecure (node:_tls_wrap:1530:34)
      at TLSSocket.emit (node:events:390:28)
      at TLSSocket._finishInit (node:_tls_wrap:944:8)
      at TLSWrap.ssl.onhandshakedone (node:_tls_wrap:725:12)

npm manifest: 
  No manifest

yarn manifest: 
  No manifest

Lockfile: 
  No lockfile
